TN:
SF:src/features/analytics/pages/AnalyticsScreen.tsx
FN:4,(anonymous_1)
FNF:1
FNH:0
FNDA:0,(anonymous_1)
DA:1,0
DA:2,0
DA:4,0
DA:5,0
DA:13,0
DA:32,0
LF:6
LH:0
BRF:0
BRH:0
end_of_record
TN:
SF:src/features/distributions/components/DistributionCard.tsx
FN:11,(anonymous_1)
FN:15,(anonymous_2)
FNF:2
FNH:1
FNDA:8,(anonymous_1)
FNDA:0,(anonymous_2)
DA:1,2
DA:2,2
DA:11,2
DA:12,8
DA:15,0
DA:37,2
DA:107,2
LF:7
LH:6
BRDA:47,0,0,2
BRDA:47,0,1,0
BRF:2
BRH:1
end_of_record
TN:
SF:src/features/distributions/containers/DistributionDetailsContainer.tsx
FN:10,(anonymous_1)
FNF:1
FNH:0
FNDA:0,(anonymous_1)
DA:1,0
DA:2,0
DA:3,0
DA:4,0
DA:10,0
DA:11,0
DA:12,0
DA:14,0
DA:16,0
DA:26,0
LF:10
LH:0
BRF:0
BRH:0
end_of_record
TN:
SF:src/features/distributions/containers/DistributionListContainer.tsx
FN:11,(anonymous_1)
FN:15,(anonymous_2)
FNF:2
FNH:0
FNDA:0,(anonymous_1)
FNDA:0,(anonymous_2)
DA:1,0
DA:2,0
DA:3,0
DA:4,0
DA:11,0
DA:12,0
DA:13,0
DA:15,0
DA:16,0
DA:19,0
DA:30,0
LF:11
LH:0
BRF:0
BRH:0
end_of_record
TN:
SF:src/features/distributions/pages/DistributionDetailsScreen.tsx
FN:19,(anonymous_1)
FN:84,(anonymous_2)
FNF:2
FNH:0
FNDA:0,(anonymous_1)
FNDA:0,(anonymous_2)
DA:1,0
DA:2,0
DA:19,0
DA:25,0
DA:26,0
DA:34,0
DA:35,0
DA:43,0
DA:85,0
DA:97,0
DA:184,0
LF:11
LH:0
BRDA:25,0,0,0
BRDA:25,0,1,0
BRDA:34,1,0,0
BRDA:34,1,1,0
BRDA:34,2,0,0
BRDA:34,2,1,0
BRDA:81,3,0,0
BRDA:81,3,1,0
BRDA:81,3,2,0
BRF:9
BRH:0
end_of_record
TN:
SF:src/features/distributions/pages/DistributionListScreen.tsx
FN:14,(anonymous_1)
FN:21,(anonymous_2)
FN:48,(anonymous_3)
FNF:3
FNH:3
FNDA:5,(anonymous_1)
FNDA:4,(anonymous_2)
FNDA:4,(anonymous_3)
DA:1,1
DA:2,1
DA:3,1
DA:14,1
DA:21,5
DA:22,4
DA:25,5
DA:26,0
DA:34,5
DA:35,1
DA:43,4
DA:48,4
DA:61,1
DA:91,1
LF:14
LH:13
BRDA:25,0,0,0
BRDA:25,0,1,5
BRDA:25,1,0,5
BRDA:25,1,1,1
BRDA:34,2,0,1
BRDA:34,2,1,4
BRF:6
BRH:5
end_of_record
TN:
SF:src/navigation/AppNavigator.tsx
FN:10,(anonymous_1)
FNF:1
FNH:0
FNDA:0,(anonymous_1)
DA:1,0
DA:2,0
DA:4,0
DA:5,0
DA:6,0
DA:8,0
DA:10,0
DA:11,0
DA:39,0
LF:9
LH:0
BRF:0
BRH:0
end_of_record
